# JRE version: Java(TM) SE Runtime Environment (8.0_71-b15) (build 1.8.0_71-b15)
# Java VM: Java HotSpot(TM) 64-Bit Server VM (25.71-b15 mixed mode windows-amd64 compressed oops)
Heap:
 PSYoungGen      total 486912K, used 449904K [0x00000000e0000000, 0x0000000100000000, 0x0000000100000000)
  eden space 450560K, 94% used [0x00000000e0000000,0x00000000fa137860,0x00000000fb800000)
  from space 36352K, 62% used [0x00000000fdc80000,0x00000000ff2a4b38,0x0000000100000000)
  to   space 36864K, 0% used [0x00000000fb800000,0x00000000fb800000,0x00000000fdc00000)
 ParOldGen       total 163840K, used 86548K [0x00000000a0000000, 0x00000000aa000000, 0x00000000e0000000)
  object space 163840K, 52% used [0x00000000a0000000,0x00000000a54850d8,0x00000000aa000000)
 Metaspace       used 108030K, capacity 112464K, committed 112512K, reserved 1146880K
  class space    used 13982K, capacity 14938K, committed 14976K, reserved 1048576K
GC Heap History (10 events):
Event: 112.218 GC heap before
{Heap before GC invocations=14 (full 3):
 PSYoungGen      total 319488K, used 300032K [0x00000000e0000000, 0x00000000f5000000, 0x0000000100000000)
  eden space 300032K, 100% used [0x00000000e0000000,0x00000000f2500000,0x00000000f2500000)
  from space 19456K, 0% used [0x00000000f3c80000,0x00000000f3c80000,0x00000000f4f80000)
  to   space 22016K, 0% used [0x00000000f2500000,0x00000000f2500000,0x00000000f3a80000)
 ParOldGen       total 91648K, used 33479K [0x00000000a0000000, 0x00000000a5980000, 0x00000000e0000000)
  object space 91648K, 36% used [0x00000000a0000000,0x00000000a20b1d88,0x00000000a5980000)
 Metaspace       used 68738K, capacity 70690K, committed 71040K, reserved 1110016K
  class space    used 9464K, capacity 10005K, committed 10112K, reserved 1048576K
Event: 112.259 GC heap after
Heap after GC invocations=14 (full 3):
 PSYoungGen      total 322048K, used 21992K [0x00000000e0000000, 0x00000000fe900000, 0x0000000100000000)
  eden space 300032K, 0% used [0x00000000e0000000,0x00000000e0000000,0x00000000f2500000)
  from space 22016K, 99% used [0x00000000f2500000,0x00000000f3a7a228,0x00000000f3a80000)
  to   space 28160K, 0% used [0x00000000fcd80000,0x00000000fcd80000,0x00000000fe900000)
 ParOldGen       total 91648K, used 41784K [0x00000000a0000000, 0x00000000a5980000, 0x00000000e0000000)
  object space 91648K, 45% used [0x00000000a0000000,0x00000000a28ce0b0,0x00000000a5980000)
 Metaspace       used 68738K, capacity 70690K, committed 71040K, reserved 1110016K
  class space    used 9464K, capacity 10005K, committed 10112K, reserved 1048576K
}
Event: 153.725 GC heap before
{Heap before GC invocations=15 (full 3):
 PSYoungGen      total 322048K, used 322024K [0x00000000e0000000, 0x00000000fe900000, 0x0000000100000000)
  eden space 300032K, 100% used [0x00000000e0000000,0x00000000f2500000,0x00000000f2500000)
  from space 22016K, 99% used [0x00000000f2500000,0x00000000f3a7a228,0x00000000f3a80000)
  to   space 28160K, 0% used [0x00000000fcd80000,0x00000000fcd80000,0x00000000fe900000)
 ParOldGen       total 91648K, used 41784K [0x00000000a0000000, 0x00000000a5980000, 0x00000000e0000000)
  object space 91648K, 45% used [0x00000000a0000000,0x00000000a28ce0b0,0x00000000a5980000)
 Metaspace       used 73778K, capacity 75985K, committed 76032K, reserved 1114112K
  class space    used 9937K, capacity 10455K, committed 10496K, reserved 1048576K
Event: 153.773 GC heap after
Heap after GC invocations=15 (full 3):
 PSYoungGen      total 453120K, used 11917K [0x00000000e0000000, 0x00000000fde00000, 0x0000000100000000)
  eden space 436224K, 0% used [0x00000000e0000000,0x00000000e0000000,0x00000000faa00000)
  from space 16896K, 70% used [0x00000000fcd80000,0x00000000fd923668,0x00000000fde00000)
  to   space 26624K, 0% used [0x00000000faa00000,0x00000000faa00000,0x00000000fc400000)
 ParOldGen       total 91648K, used 63273K [0x00000000a0000000, 0x00000000a5980000, 0x00000000e0000000)
  object space 91648K, 69% used [0x00000000a0000000,0x00000000a3dca498,0x00000000a5980000)
 Metaspace       used 73778K, capacity 75985K, committed 76032K, reserved 1114112K
  class space    used 9937K, capacity 10455K, committed 10496K, reserved 1048576K
}
Event: 354.437 GC heap before
{Heap before GC invocations=16 (full 3):
 PSYoungGen      total 453120K, used 448141K [0x00000000e0000000, 0x00000000fde00000, 0x0000000100000000)
  eden space 436224K, 100% used [0x00000000e0000000,0x00000000faa00000,0x00000000faa00000)
  from space 16896K, 70% used [0x00000000fcd80000,0x00000000fd923668,0x00000000fde00000)
  to   space 26624K, 0% used [0x00000000faa00000,0x00000000faa00000,0x00000000fc400000)
 ParOldGen       total 91648K, used 63273K [0x00000000a0000000, 0x00000000a5980000, 0x00000000e0000000)
  object space 91648K, 69% used [0x00000000a0000000,0x00000000a3dca498,0x00000000a5980000)
 Metaspace       used 94145K, capacity 97929K, committed 98176K, reserved 1134592K
  class space    used 12528K, capacity 13344K, committed 13440K, reserved 1048576K
Event: 354.560 GC heap after
Heap after GC invocations=16 (full 3):
 PSYoungGen      total 462848K, used 26607K [0x00000000e0000000, 0x0000000100000000, 0x0000000100000000)
  eden space 436224K, 0% used [0x00000000e0000000,0x00000000e0000000,0x00000000faa00000)
  from space 26624K, 99% used [0x00000000faa00000,0x00000000fc3fbe90,0x00000000fc400000)
  to   space 36352K, 0% used [0x00000000fdc80000,0x00000000fdc80000,0x0000000100000000)
 ParOldGen       total 91648K, used 79437K [0x00000000a0000000, 0x00000000a5980000, 0x00000000e0000000)
  object space 91648K, 86% used [0x00000000a0000000,0x00000000a4d93788,0x00000000a5980000)
 Metaspace       used 94145K, capacity 97929K, committed 98176K, reserved 1134592K
  class space    used 12528K, capacity 13344K, committed 13440K, reserved 1048576K
}
Event: 354.560 GC heap before
{Heap before GC invocations=17 (full 4):
 PSYoungGen      total 462848K, used 26607K [0x00000000e0000000, 0x0000000100000000, 0x0000000100000000)
  eden space 436224K, 0% used [0x00000000e0000000,0x00000000e0000000,0x00000000faa00000)
  from space 26624K, 99% used [0x00000000faa00000,0x00000000fc3fbe90,0x00000000fc400000)
  to   space 36352K, 0% used [0x00000000fdc80000,0x00000000fdc80000,0x0000000100000000)
 ParOldGen       total 91648K, used 79437K [0x00000000a0000000, 0x00000000a5980000, 0x00000000e0000000)
  object space 91648K, 86% used [0x00000000a0000000,0x00000000a4d93788,0x00000000a5980000)
 Metaspace       used 94145K, capacity 97929K, committed 98176K, reserved 1134592K
  class space    used 12528K, capacity 13344K, committed 13440K, reserved 1048576K
Event: 355.179 GC heap after
Heap after GC invocations=17 (full 4):
 PSYoungGen      total 462848K, used 0K [0x00000000e0000000, 0x0000000100000000, 0x0000000100000000)
  eden space 436224K, 0% used [0x00000000e0000000,0x00000000e0000000,0x00000000faa00000)
  from space 26624K, 0% used [0x00000000faa00000,0x00000000faa00000,0x00000000fc400000)
  to   space 36352K, 0% used [0x00000000fdc80000,0x00000000fdc80000,0x0000000100000000)
 ParOldGen       total 163840K, used 86540K [0x00000000a0000000, 0x00000000aa000000, 0x00000000e0000000)
  object space 163840K, 52% used [0x00000000a0000000,0x00000000a54830d8,0x00000000aa000000)
 Metaspace       used 94086K, capacity 97805K, committed 98176K, reserved 1134592K
  class space    used 12510K, capacity 13324K, committed 13440K, reserved 1048576K
}
Event: 413.419 GC heap before
{Heap before GC invocations=18 (full 4):
 PSYoungGen      total 462848K, used 436224K [0x00000000e0000000, 0x0000000100000000, 0x0000000100000000)
  eden space 436224K, 100% used [0x00000000e0000000,0x00000000faa00000,0x00000000faa00000)
  from space 26624K, 0% used [0x00000000faa00000,0x00000000faa00000,0x00000000fc400000)
  to   space 36352K, 0% used [0x00000000fdc80000,0x00000000fdc80000,0x0000000100000000)
 ParOldGen       total 163840K, used 86540K [0x00000000a0000000, 0x00000000aa000000, 0x00000000e0000000)
  object space 163840K, 52% used [0x00000000a0000000,0x00000000a54830d8,0x00000000aa000000)
 Metaspace       used 99661K, capacity 103703K, committed 104064K, reserved 1138688K
  class space    used 12978K, capacity 13845K, committed 13952K, reserved 1048576K
Event: 413.464 GC heap after
Heap after GC invocations=18 (full 4):
 PSYoungGen      total 486912K, used 22674K [0x00000000e0000000, 0x0000000100000000, 0x0000000100000000)
  eden space 450560K, 0% used [0x00000000e0000000,0x00000000e0000000,0x00000000fb800000)
  from space 36352K, 62% used [0x00000000fdc80000,0x00000000ff2a4b38,0x0000000100000000)
  to   space 36864K, 0% used [0x00000000fb800000,0x00000000fb800000,0x00000000fdc00000)
 ParOldGen       total 163840K, used 86548K [0x00000000a0000000, 0x00000000aa000000, 0x00000000e0000000)
  object space 163840K, 52% used [0x00000000a0000000,0x00000000a54850d8,0x00000000aa000000)
 Metaspace       used 99661K, capacity 103703K, committed 104064K, reserved 1138688K
  class space    used 12978K, capacity 13845K, committed 13952K, reserved 1048576K
}

